[14-Apr-2020 23:12:27 Europe/Berlin] PHP Notice:  Undefined index: id_producto in C:\xampp\htdocs\inventario\app\views\partials\ficha\list.php on line 193
[14-Apr-2020 23:12:27 Europe/Berlin] PHP Notice:  Undefined index: id_detalle_registro in C:\xampp\htdocs\inventario\app\views\partials\ficha\list.php on line 210
[14-Apr-2020 23:12:27 Europe/Berlin] PHP Notice:  Undefined index: id_producto in C:\xampp\htdocs\inventario\app\views\partials\ficha\list.php on line 227
[14-Apr-2020 23:12:27 Europe/Berlin] PHP Notice:  Undefined index: id_enviado in C:\xampp\htdocs\inventario\app\views\partials\ficha\list.php on line 244
[14-Apr-2020 23:12:27 Europe/Berlin] PHP Notice:  Undefined index: id_bodega in C:\xampp\htdocs\inventario\app\views\partials\ficha\list.php on line 259
[14-Apr-2020 23:12:27 Europe/Berlin] PHP Notice:  Undefined index: id_recibido in C:\xampp\htdocs\inventario\app\views\partials\ficha\list.php on line 276
[14-Apr-2020 23:12:27 Europe/Berlin] PHP Notice:  Undefined index: id_bodega in C:\xampp\htdocs\inventario\app\views\partials\ficha\list.php on line 291
[14-Apr-2020 23:19:07 Europe/Berlin] PHP Notice:  Undefined index: id_producto in C:\xampp\htdocs\inventario\app\views\partials\ficha\list.php on line 193
[14-Apr-2020 23:19:07 Europe/Berlin] PHP Notice:  Undefined index: id_detalle_registro in C:\xampp\htdocs\inventario\app\views\partials\ficha\list.php on line 210
[14-Apr-2020 23:19:07 Europe/Berlin] PHP Notice:  Undefined index: id_producto in C:\xampp\htdocs\inventario\app\views\partials\ficha\list.php on line 227
[14-Apr-2020 23:19:07 Europe/Berlin] PHP Notice:  Undefined index: id_enviado in C:\xampp\htdocs\inventario\app\views\partials\ficha\list.php on line 244
[14-Apr-2020 23:19:07 Europe/Berlin] PHP Notice:  Undefined index: id_bodega in C:\xampp\htdocs\inventario\app\views\partials\ficha\list.php on line 259
[14-Apr-2020 23:19:07 Europe/Berlin] PHP Notice:  Undefined index: id_recibido in C:\xampp\htdocs\inventario\app\views\partials\ficha\list.php on line 276
[14-Apr-2020 23:19:07 Europe/Berlin] PHP Notice:  Undefined index: id_bodega in C:\xampp\htdocs\inventario\app\views\partials\ficha\list.php on line 291
[14-Apr-2020 23:49:42 Europe/Berlin] PHP Notice:  Undefined index: id_producto in C:\xampp\htdocs\inventario\app\views\partials\ficha\list.php on line 194
[14-Apr-2020 23:49:42 Europe/Berlin] PHP Notice:  Undefined index: id_detalle_registro in C:\xampp\htdocs\inventario\app\views\partials\ficha\list.php on line 211
[14-Apr-2020 23:49:42 Europe/Berlin] PHP Notice:  Undefined index: id_producto in C:\xampp\htdocs\inventario\app\views\partials\ficha\list.php on line 228
[14-Apr-2020 23:49:42 Europe/Berlin] PHP Notice:  Undefined index: id_enviado in C:\xampp\htdocs\inventario\app\views\partials\ficha\list.php on line 245
[14-Apr-2020 23:49:42 Europe/Berlin] PHP Notice:  Undefined index: id_bodega in C:\xampp\htdocs\inventario\app\views\partials\ficha\list.php on line 260
[14-Apr-2020 23:49:42 Europe/Berlin] PHP Notice:  Undefined index: id_recibido in C:\xampp\htdocs\inventario\app\views\partials\ficha\list.php on line 277
[14-Apr-2020 23:49:42 Europe/Berlin] PHP Notice:  Undefined index: id_bodega in C:\xampp\htdocs\inventario\app\views\partials\ficha\list.php on line 292
[14-Apr-2020 23:50:24 Europe/Berlin] PHP Notice:  Undefined index: id_bodega in C:\xampp\htdocs\inventario\app\views\partials\centro\list.php on line 174
[14-Apr-2020 23:50:24 Europe/Berlin] PHP Notice:  Undefined index: id_bodega in C:\xampp\htdocs\inventario\app\views\partials\centro\list.php on line 189
[14-Apr-2020 23:50:24 Europe/Berlin] PHP Notice:  Undefined index: id_bodega in C:\xampp\htdocs\inventario\app\views\partials\centro\list.php on line 204
[14-Apr-2020 23:50:24 Europe/Berlin] PHP Notice:  Undefined index: id_bodega in C:\xampp\htdocs\inventario\app\views\partials\centro\list.php on line 219
[14-Apr-2020 23:50:38 Europe/Berlin] PHP Notice:  Undefined index: id_bodega in C:\xampp\htdocs\inventario\app\views\partials\centro\list.php on line 174
[14-Apr-2020 23:50:38 Europe/Berlin] PHP Notice:  Undefined index: id_bodega in C:\xampp\htdocs\inventario\app\views\partials\centro\list.php on line 189
[14-Apr-2020 23:50:38 Europe/Berlin] PHP Notice:  Undefined index: id_bodega in C:\xampp\htdocs\inventario\app\views\partials\centro\list.php on line 204
[14-Apr-2020 23:50:38 Europe/Berlin] PHP Notice:  Undefined index: id_bodega in C:\xampp\htdocs\inventario\app\views\partials\centro\list.php on line 219
[14-Apr-2020 23:50:38 Europe/Berlin] PHP Notice:  Undefined index: id_bodega in C:\xampp\htdocs\inventario\app\views\partials\centro\list.php on line 174
[14-Apr-2020 23:50:38 Europe/Berlin] PHP Notice:  Undefined index: id_bodega in C:\xampp\htdocs\inventario\app\views\partials\centro\list.php on line 189
[14-Apr-2020 23:50:38 Europe/Berlin] PHP Notice:  Undefined index: id_bodega in C:\xampp\htdocs\inventario\app\views\partials\centro\list.php on line 204
[14-Apr-2020 23:50:38 Europe/Berlin] PHP Notice:  Undefined index: id_bodega in C:\xampp\htdocs\inventario\app\views\partials\centro\list.php on line 219
[14-Apr-2020 23:50:58 Europe/Berlin] PHP Notice:  Undefined index: id_bodega in C:\xampp\htdocs\inventario\app\views\partials\centro\view.php on line 60
[14-Apr-2020 23:50:58 Europe/Berlin] PHP Notice:  Undefined index: id_bodega in C:\xampp\htdocs\inventario\app\views\partials\centro\view.php on line 82
[14-Apr-2020 23:50:58 Europe/Berlin] PHP Notice:  Undefined index: id_bodega in C:\xampp\htdocs\inventario\app\views\partials\centro\view.php on line 100
[14-Apr-2020 23:50:58 Europe/Berlin] PHP Notice:  Undefined index: id_bodega in C:\xampp\htdocs\inventario\app\views\partials\centro\view.php on line 118
[14-Apr-2020 23:51:26 Europe/Berlin] PHP Notice:  Undefined index: id_bodega in C:\xampp\htdocs\inventario\app\views\partials\centro\list.php on line 174
[14-Apr-2020 23:51:26 Europe/Berlin] PHP Notice:  Undefined index: id_bodega in C:\xampp\htdocs\inventario\app\views\partials\centro\list.php on line 189
[14-Apr-2020 23:51:26 Europe/Berlin] PHP Notice:  Undefined index: id_bodega in C:\xampp\htdocs\inventario\app\views\partials\centro\list.php on line 204
[14-Apr-2020 23:51:26 Europe/Berlin] PHP Notice:  Undefined index: id_bodega in C:\xampp\htdocs\inventario\app\views\partials\centro\list.php on line 219
[14-Apr-2020 23:51:26 Europe/Berlin] PHP Notice:  Undefined index: id_bodega in C:\xampp\htdocs\inventario\app\views\partials\centro\list.php on line 174
[14-Apr-2020 23:51:26 Europe/Berlin] PHP Notice:  Undefined index: id_bodega in C:\xampp\htdocs\inventario\app\views\partials\centro\list.php on line 189
[14-Apr-2020 23:51:26 Europe/Berlin] PHP Notice:  Undefined index: id_bodega in C:\xampp\htdocs\inventario\app\views\partials\centro\list.php on line 204
[14-Apr-2020 23:51:26 Europe/Berlin] PHP Notice:  Undefined index: id_bodega in C:\xampp\htdocs\inventario\app\views\partials\centro\list.php on line 219
[14-Apr-2020 23:51:34 Europe/Berlin] PHP Notice:  Undefined index: id_bodega in C:\xampp\htdocs\inventario\app\views\partials\centro\view.php on line 60
[14-Apr-2020 23:51:34 Europe/Berlin] PHP Notice:  Undefined index: id_bodega in C:\xampp\htdocs\inventario\app\views\partials\centro\view.php on line 82
[14-Apr-2020 23:51:34 Europe/Berlin] PHP Notice:  Undefined index: id_bodega in C:\xampp\htdocs\inventario\app\views\partials\centro\view.php on line 100
[14-Apr-2020 23:51:34 Europe/Berlin] PHP Notice:  Undefined index: id_bodega in C:\xampp\htdocs\inventario\app\views\partials\centro\view.php on line 118
[14-Apr-2020 23:55:34 Europe/Berlin] PHP Notice:  Undefined index: id_bodega in C:\xampp\htdocs\inventario\app\views\partials\centro\list.php on line 174
[14-Apr-2020 23:55:34 Europe/Berlin] PHP Notice:  Undefined index: id_bodega in C:\xampp\htdocs\inventario\app\views\partials\centro\list.php on line 189
[14-Apr-2020 23:55:34 Europe/Berlin] PHP Notice:  Undefined index: id_bodega in C:\xampp\htdocs\inventario\app\views\partials\centro\list.php on line 204
[14-Apr-2020 23:55:34 Europe/Berlin] PHP Notice:  Undefined index: id_bodega in C:\xampp\htdocs\inventario\app\views\partials\centro\list.php on line 219
[14-Apr-2020 23:55:34 Europe/Berlin] PHP Notice:  Undefined index: id_bodega in C:\xampp\htdocs\inventario\app\views\partials\centro\list.php on line 174
[14-Apr-2020 23:55:34 Europe/Berlin] PHP Notice:  Undefined index: id_bodega in C:\xampp\htdocs\inventario\app\views\partials\centro\list.php on line 189
[14-Apr-2020 23:55:34 Europe/Berlin] PHP Notice:  Undefined index: id_bodega in C:\xampp\htdocs\inventario\app\views\partials\centro\list.php on line 204
[14-Apr-2020 23:55:34 Europe/Berlin] PHP Notice:  Undefined index: id_bodega in C:\xampp\htdocs\inventario\app\views\partials\centro\list.php on line 219
[14-Apr-2020 23:56:19 Europe/Berlin] PHP Notice:  Undefined index: id_bodega in C:\xampp\htdocs\inventario\app\views\partials\centro\list.php on line 174
[14-Apr-2020 23:56:19 Europe/Berlin] PHP Notice:  Undefined index: id_bodega in C:\xampp\htdocs\inventario\app\views\partials\centro\list.php on line 189
[14-Apr-2020 23:56:19 Europe/Berlin] PHP Notice:  Undefined index: id_bodega in C:\xampp\htdocs\inventario\app\views\partials\centro\list.php on line 204
[14-Apr-2020 23:56:19 Europe/Berlin] PHP Notice:  Undefined index: id_bodega in C:\xampp\htdocs\inventario\app\views\partials\centro\list.php on line 219
[14-Apr-2020 23:56:19 Europe/Berlin] PHP Notice:  Undefined index: id_bodega in C:\xampp\htdocs\inventario\app\views\partials\centro\list.php on line 174
[14-Apr-2020 23:56:19 Europe/Berlin] PHP Notice:  Undefined index: id_bodega in C:\xampp\htdocs\inventario\app\views\partials\centro\list.php on line 189
[14-Apr-2020 23:56:19 Europe/Berlin] PHP Notice:  Undefined index: id_bodega in C:\xampp\htdocs\inventario\app\views\partials\centro\list.php on line 204
[14-Apr-2020 23:56:19 Europe/Berlin] PHP Notice:  Undefined index: id_bodega in C:\xampp\htdocs\inventario\app\views\partials\centro\list.php on line 219
[14-Apr-2020 23:56:26 Europe/Berlin] PHP Notice:  Undefined index: id_producto in C:\xampp\htdocs\inventario\app\views\partials\ficha\list.php on line 193
[14-Apr-2020 23:56:26 Europe/Berlin] PHP Notice:  Undefined index: id_detalle_registro in C:\xampp\htdocs\inventario\app\views\partials\ficha\list.php on line 210
[14-Apr-2020 23:56:26 Europe/Berlin] PHP Notice:  Undefined index: id_producto in C:\xampp\htdocs\inventario\app\views\partials\ficha\list.php on line 227
[14-Apr-2020 23:56:26 Europe/Berlin] PHP Notice:  Undefined index: id_enviado in C:\xampp\htdocs\inventario\app\views\partials\ficha\list.php on line 244
[14-Apr-2020 23:56:26 Europe/Berlin] PHP Notice:  Undefined index: id_bodega in C:\xampp\htdocs\inventario\app\views\partials\ficha\list.php on line 259
[14-Apr-2020 23:56:26 Europe/Berlin] PHP Notice:  Undefined index: id_recibido in C:\xampp\htdocs\inventario\app\views\partials\ficha\list.php on line 276
[14-Apr-2020 23:56:26 Europe/Berlin] PHP Notice:  Undefined index: id_bodega in C:\xampp\htdocs\inventario\app\views\partials\ficha\list.php on line 291
[14-Apr-2020 23:57:46 Europe/Berlin] PHP Notice:  Undefined variable: user_name in C:\xampp\htdocs\inventario\system\BaseController.php on line 536
[14-Apr-2020 23:57:50 Europe/Berlin] PHP Notice:  Undefined variable: user_name in C:\xampp\htdocs\inventario\system\BaseController.php on line 536
[14-Apr-2020 23:58:36 Europe/Berlin] PHP Notice:  Undefined variable: user_name in C:\xampp\htdocs\inventario\system\BaseController.php on line 536
[15-Apr-2020 00:57:15 Europe/Berlin] PHP Notice:  Undefined index: id_bodega in C:\xampp\htdocs\inventario\app\views\partials\centro\list.php on line 174
[15-Apr-2020 00:57:15 Europe/Berlin] PHP Notice:  Undefined index: id_bodega in C:\xampp\htdocs\inventario\app\views\partials\centro\list.php on line 189
[15-Apr-2020 00:57:15 Europe/Berlin] PHP Notice:  Undefined index: id_bodega in C:\xampp\htdocs\inventario\app\views\partials\centro\list.php on line 204
[15-Apr-2020 00:57:15 Europe/Berlin] PHP Notice:  Undefined index: id_bodega in C:\xampp\htdocs\inventario\app\views\partials\centro\list.php on line 219
[15-Apr-2020 00:57:15 Europe/Berlin] PHP Notice:  Undefined index: id_bodega in C:\xampp\htdocs\inventario\app\views\partials\centro\list.php on line 174
[15-Apr-2020 00:57:15 Europe/Berlin] PHP Notice:  Undefined index: id_bodega in C:\xampp\htdocs\inventario\app\views\partials\centro\list.php on line 189
[15-Apr-2020 00:57:15 Europe/Berlin] PHP Notice:  Undefined index: id_bodega in C:\xampp\htdocs\inventario\app\views\partials\centro\list.php on line 204
[15-Apr-2020 00:57:15 Europe/Berlin] PHP Notice:  Undefined index: id_bodega in C:\xampp\htdocs\inventario\app\views\partials\centro\list.php on line 219
[15-Apr-2020 00:59:22 Europe/Berlin] PHP Notice:  Undefined variable: user_name in C:\xampp\htdocs\inventario\system\BaseController.php on line 536
[15-Apr-2020 00:59:27 Europe/Berlin] PHP Notice:  Undefined variable: user_name in C:\xampp\htdocs\inventario\system\BaseController.php on line 536
[15-Apr-2020 00:59:40 Europe/Berlin] PHP Notice:  Undefined variable: user_name in C:\xampp\htdocs\inventario\system\BaseController.php on line 536
[15-Apr-2020 01:00:26 Europe/Berlin] PHP Notice:  Undefined variable: user_name in C:\xampp\htdocs\inventario\system\BaseController.php on line 536
[15-Apr-2020 01:00:50 Europe/Berlin] PHP Notice:  Undefined variable: user_name in C:\xampp\htdocs\inventario\system\BaseController.php on line 536
[15-Apr-2020 01:00:53 Europe/Berlin] PHP Notice:  Undefined variable: user_name in C:\xampp\htdocs\inventario\system\BaseController.php on line 536
[15-Apr-2020 01:04:54 Europe/Berlin] PHP Notice:  Undefined variable: user_name in C:\xampp\htdocs\inventario\system\BaseController.php on line 536
[15-Apr-2020 01:05:17 Europe/Berlin] PHP Notice:  Undefined index: id_producto in C:\xampp\htdocs\inventario\app\views\partials\ficha\list.php on line 193
[15-Apr-2020 01:05:17 Europe/Berlin] PHP Notice:  Undefined index: id_detalle_registro in C:\xampp\htdocs\inventario\app\views\partials\ficha\list.php on line 210
[15-Apr-2020 01:05:17 Europe/Berlin] PHP Notice:  Undefined index: id_producto in C:\xampp\htdocs\inventario\app\views\partials\ficha\list.php on line 227
[15-Apr-2020 01:05:17 Europe/Berlin] PHP Notice:  Undefined index: id_enviado in C:\xampp\htdocs\inventario\app\views\partials\ficha\list.php on line 244
[15-Apr-2020 01:05:17 Europe/Berlin] PHP Notice:  Undefined index: id_bodega in C:\xampp\htdocs\inventario\app\views\partials\ficha\list.php on line 259
[15-Apr-2020 01:05:17 Europe/Berlin] PHP Notice:  Undefined index: id_recibido in C:\xampp\htdocs\inventario\app\views\partials\ficha\list.php on line 276
[15-Apr-2020 01:05:17 Europe/Berlin] PHP Notice:  Undefined index: id_bodega in C:\xampp\htdocs\inventario\app\views\partials\ficha\list.php on line 291
[15-Apr-2020 01:07:15 Europe/Berlin] PHP Notice:  Undefined variable: user_name in C:\xampp\htdocs\inventario\system\BaseController.php on line 536
[15-Apr-2020 01:07:24 Europe/Berlin] PHP Notice:  Undefined variable: user_name in C:\xampp\htdocs\inventario\system\BaseController.php on line 536
[15-Apr-2020 01:07:24 Europe/Berlin] PHP Notice:  Undefined index: id_producto in C:\xampp\htdocs\inventario\app\views\partials\ficha\list.php on line 193
[15-Apr-2020 01:07:24 Europe/Berlin] PHP Notice:  Undefined index: id_detalle_registro in C:\xampp\htdocs\inventario\app\views\partials\ficha\list.php on line 210
[15-Apr-2020 01:07:24 Europe/Berlin] PHP Notice:  Undefined index: id_producto in C:\xampp\htdocs\inventario\app\views\partials\ficha\list.php on line 227
[15-Apr-2020 01:07:24 Europe/Berlin] PHP Notice:  Undefined index: id_enviado in C:\xampp\htdocs\inventario\app\views\partials\ficha\list.php on line 244
[15-Apr-2020 01:07:24 Europe/Berlin] PHP Notice:  Undefined index: id_bodega in C:\xampp\htdocs\inventario\app\views\partials\ficha\list.php on line 259
[15-Apr-2020 01:07:24 Europe/Berlin] PHP Notice:  Undefined index: id_recibido in C:\xampp\htdocs\inventario\app\views\partials\ficha\list.php on line 276
[15-Apr-2020 01:07:24 Europe/Berlin] PHP Notice:  Undefined index: id_bodega in C:\xampp\htdocs\inventario\app\views\partials\ficha\list.php on line 291
[15-Apr-2020 01:07:48 Europe/Berlin] PHP Notice:  Undefined variable: user_name in C:\xampp\htdocs\inventario\system\BaseController.php on line 536
[15-Apr-2020 01:07:55 Europe/Berlin] PHP Notice:  Undefined index: id_bodega in C:\xampp\htdocs\inventario\app\views\partials\centro\list.php on line 174
[15-Apr-2020 01:07:55 Europe/Berlin] PHP Notice:  Undefined index: id_bodega in C:\xampp\htdocs\inventario\app\views\partials\centro\list.php on line 189
[15-Apr-2020 01:07:55 Europe/Berlin] PHP Notice:  Undefined index: id_bodega in C:\xampp\htdocs\inventario\app\views\partials\centro\list.php on line 204
[15-Apr-2020 01:07:55 Europe/Berlin] PHP Notice:  Undefined index: id_bodega in C:\xampp\htdocs\inventario\app\views\partials\centro\list.php on line 219
[15-Apr-2020 01:07:55 Europe/Berlin] PHP Notice:  Undefined index: id_bodega in C:\xampp\htdocs\inventario\app\views\partials\centro\list.php on line 174
[15-Apr-2020 01:07:55 Europe/Berlin] PHP Notice:  Undefined index: id_bodega in C:\xampp\htdocs\inventario\app\views\partials\centro\list.php on line 189
[15-Apr-2020 01:07:55 Europe/Berlin] PHP Notice:  Undefined index: id_bodega in C:\xampp\htdocs\inventario\app\views\partials\centro\list.php on line 204
[15-Apr-2020 01:07:55 Europe/Berlin] PHP Notice:  Undefined index: id_bodega in C:\xampp\htdocs\inventario\app\views\partials\centro\list.php on line 219
[15-Apr-2020 01:13:53 Europe/Berlin] PHP Notice:  Undefined variable: user_name in C:\xampp\htdocs\inventario\system\BaseController.php on line 536
[15-Apr-2020 01:13:54 Europe/Berlin] PHP Notice:  Undefined variable: user_name in C:\xampp\htdocs\inventario\system\BaseController.php on line 536
[15-Apr-2020 01:14:06 Europe/Berlin] PHP Notice:  Undefined variable: user_name in C:\xampp\htdocs\inventario\system\BaseController.php on line 536
[15-Apr-2020 01:14:06 Europe/Berlin] PHP Notice:  Undefined index: id_bodega in C:\xampp\htdocs\inventario\app\views\partials\centro\list.php on line 174
[15-Apr-2020 01:14:06 Europe/Berlin] PHP Notice:  Undefined index: id_bodega in C:\xampp\htdocs\inventario\app\views\partials\centro\list.php on line 189
[15-Apr-2020 01:14:06 Europe/Berlin] PHP Notice:  Undefined index: id_bodega in C:\xampp\htdocs\inventario\app\views\partials\centro\list.php on line 204
[15-Apr-2020 01:14:06 Europe/Berlin] PHP Notice:  Undefined index: id_bodega in C:\xampp\htdocs\inventario\app\views\partials\centro\list.php on line 219
[15-Apr-2020 01:14:07 Europe/Berlin] PHP Notice:  Undefined variable: user_name in C:\xampp\htdocs\inventario\system\BaseController.php on line 536
[15-Apr-2020 01:14:07 Europe/Berlin] PHP Notice:  Undefined index: id_bodega in C:\xampp\htdocs\inventario\app\views\partials\centro\view.php on line 60
[15-Apr-2020 01:14:07 Europe/Berlin] PHP Notice:  Undefined index: id_bodega in C:\xampp\htdocs\inventario\app\views\partials\centro\view.php on line 82
[15-Apr-2020 01:14:07 Europe/Berlin] PHP Notice:  Undefined index: id_bodega in C:\xampp\htdocs\inventario\app\views\partials\centro\view.php on line 100
[15-Apr-2020 01:14:07 Europe/Berlin] PHP Notice:  Undefined index: id_bodega in C:\xampp\htdocs\inventario\app\views\partials\centro\view.php on line 118
[15-Apr-2020 01:14:11 Europe/Berlin] PHP Notice:  Undefined index: id_bodega in C:\xampp\htdocs\inventario\app\views\partials\centro\list.php on line 174
[15-Apr-2020 01:14:11 Europe/Berlin] PHP Notice:  Undefined index: id_bodega in C:\xampp\htdocs\inventario\app\views\partials\centro\list.php on line 189
[15-Apr-2020 01:14:11 Europe/Berlin] PHP Notice:  Undefined index: id_bodega in C:\xampp\htdocs\inventario\app\views\partials\centro\list.php on line 204
[15-Apr-2020 01:14:11 Europe/Berlin] PHP Notice:  Undefined index: id_bodega in C:\xampp\htdocs\inventario\app\views\partials\centro\list.php on line 219
[15-Apr-2020 01:14:17 Europe/Berlin] PHP Notice:  Undefined variable: user_name in C:\xampp\htdocs\inventario\system\BaseController.php on line 536
[15-Apr-2020 01:14:18 Europe/Berlin] PHP Notice:  Undefined variable: user_name in C:\xampp\htdocs\inventario\system\BaseController.php on line 536
[15-Apr-2020 01:14:35 Europe/Berlin] PHP Notice:  Undefined variable: user_name in C:\xampp\htdocs\inventario\system\BaseController.php on line 536
[15-Apr-2020 01:14:37 Europe/Berlin] PHP Notice:  Undefined variable: user_name in C:\xampp\htdocs\inventario\system\BaseController.php on line 536
[15-Apr-2020 01:14:41 Europe/Berlin] PHP Notice:  Undefined variable: user_name in C:\xampp\htdocs\inventario\system\BaseController.php on line 536
[15-Apr-2020 01:15:29 Europe/Berlin] PHP Notice:  Undefined variable: user_name in C:\xampp\htdocs\inventario\system\BaseController.php on line 536
[15-Apr-2020 01:15:31 Europe/Berlin] PHP Notice:  Undefined variable: user_name in C:\xampp\htdocs\inventario\system\BaseController.php on line 536
[15-Apr-2020 01:15:48 Europe/Berlin] PHP Notice:  Undefined variable: user_name in C:\xampp\htdocs\inventario\system\BaseController.php on line 536
[15-Apr-2020 01:15:55 Europe/Berlin] PHP Notice:  Undefined index: id_bodega in C:\xampp\htdocs\inventario\app\views\partials\centro\list.php on line 174
[15-Apr-2020 01:15:55 Europe/Berlin] PHP Notice:  Undefined index: id_bodega in C:\xampp\htdocs\inventario\app\views\partials\centro\list.php on line 189
[15-Apr-2020 01:15:55 Europe/Berlin] PHP Notice:  Undefined index: id_bodega in C:\xampp\htdocs\inventario\app\views\partials\centro\list.php on line 204
[15-Apr-2020 01:15:55 Europe/Berlin] PHP Notice:  Undefined index: id_bodega in C:\xampp\htdocs\inventario\app\views\partials\centro\list.php on line 219
[15-Apr-2020 01:16:23 Europe/Berlin] PHP Notice:  Undefined variable: user_name in C:\xampp\htdocs\inventario\system\BaseController.php on line 536
[15-Apr-2020 01:20:22 Europe/Berlin] PHP Notice:  Undefined variable: user_name in C:\xampp\htdocs\inventario\system\BaseController.php on line 536
[15-Apr-2020 01:20:22 Europe/Berlin] PHP Notice:  Undefined index: id_bodega in C:\xampp\htdocs\inventario\app\views\partials\ficha\list.php on line 172
[15-Apr-2020 01:20:34 Europe/Berlin] PHP Notice:  Undefined index: id_bodega in C:\xampp\htdocs\inventario\app\views\partials\ficha\list.php on line 172
[15-Apr-2020 01:28:51 Europe/Berlin] PHP Notice:  Undefined index: id_producto in C:\xampp\htdocs\inventario\app\views\partials\ficha\list.php on line 176
[15-Apr-2020 01:28:51 Europe/Berlin] PHP Notice:  Undefined index: id_detalle_registro in C:\xampp\htdocs\inventario\app\views\partials\ficha\list.php on line 193
[15-Apr-2020 01:28:51 Europe/Berlin] PHP Notice:  Undefined index: id_producto in C:\xampp\htdocs\inventario\app\views\partials\ficha\list.php on line 210
[15-Apr-2020 01:28:51 Europe/Berlin] PHP Notice:  Undefined index: id_enviado in C:\xampp\htdocs\inventario\app\views\partials\ficha\list.php on line 227
[15-Apr-2020 01:28:51 Europe/Berlin] PHP Notice:  Undefined index: id_recibido in C:\xampp\htdocs\inventario\app\views\partials\ficha\list.php on line 244
[15-Apr-2020 01:28:51 Europe/Berlin] PHP Notice:  Undefined index: id_bodega in C:\xampp\htdocs\inventario\app\views\partials\ficha\list.php on line 259
[15-Apr-2020 01:30:55 Europe/Berlin] PHP Notice:  Undefined index: id_producto in C:\xampp\htdocs\inventario\app\views\partials\ficha\list.php on line 176
[15-Apr-2020 01:30:55 Europe/Berlin] PHP Notice:  Undefined index: id_detalle_registro in C:\xampp\htdocs\inventario\app\views\partials\ficha\list.php on line 193
[15-Apr-2020 01:30:55 Europe/Berlin] PHP Notice:  Undefined index: id_producto in C:\xampp\htdocs\inventario\app\views\partials\ficha\list.php on line 210
[15-Apr-2020 01:30:55 Europe/Berlin] PHP Notice:  Undefined index: id_enviado in C:\xampp\htdocs\inventario\app\views\partials\ficha\list.php on line 227
[15-Apr-2020 01:30:55 Europe/Berlin] PHP Notice:  Undefined index: id_recibido in C:\xampp\htdocs\inventario\app\views\partials\ficha\list.php on line 244
[15-Apr-2020 01:30:55 Europe/Berlin] PHP Notice:  Undefined index: id_bodega in C:\xampp\htdocs\inventario\app\views\partials\ficha\list.php on line 259
[15-Apr-2020 01:32:38 Europe/Berlin] PHP Notice:  Undefined index: id_producto in C:\xampp\htdocs\inventario\app\views\partials\ficha\list.php on line 177
[15-Apr-2020 01:32:38 Europe/Berlin] PHP Notice:  Undefined index: id_detalle_registro in C:\xampp\htdocs\inventario\app\views\partials\ficha\list.php on line 194
[15-Apr-2020 01:32:38 Europe/Berlin] PHP Notice:  Undefined index: id_producto in C:\xampp\htdocs\inventario\app\views\partials\ficha\list.php on line 211
[15-Apr-2020 01:32:38 Europe/Berlin] PHP Notice:  Undefined index: id_enviado in C:\xampp\htdocs\inventario\app\views\partials\ficha\list.php on line 228
[15-Apr-2020 01:32:38 Europe/Berlin] PHP Notice:  Undefined index: id_bodega in C:\xampp\htdocs\inventario\app\views\partials\ficha\list.php on line 243
[15-Apr-2020 01:32:38 Europe/Berlin] PHP Notice:  Undefined index: id_recibido in C:\xampp\htdocs\inventario\app\views\partials\ficha\list.php on line 260
[15-Apr-2020 01:32:38 Europe/Berlin] PHP Notice:  Undefined index: id_bodega in C:\xampp\htdocs\inventario\app\views\partials\ficha\list.php on line 275
[15-Apr-2020 01:32:40 Europe/Berlin] PHP Notice:  Undefined index: id_producto in C:\xampp\htdocs\inventario\app\views\partials\ficha\list.php on line 177
[15-Apr-2020 01:32:40 Europe/Berlin] PHP Notice:  Undefined index: id_detalle_registro in C:\xampp\htdocs\inventario\app\views\partials\ficha\list.php on line 194
[15-Apr-2020 01:32:40 Europe/Berlin] PHP Notice:  Undefined index: id_producto in C:\xampp\htdocs\inventario\app\views\partials\ficha\list.php on line 211
[15-Apr-2020 01:32:40 Europe/Berlin] PHP Notice:  Undefined index: id_enviado in C:\xampp\htdocs\inventario\app\views\partials\ficha\list.php on line 228
[15-Apr-2020 01:32:40 Europe/Berlin] PHP Notice:  Undefined index: id_bodega in C:\xampp\htdocs\inventario\app\views\partials\ficha\list.php on line 243
[15-Apr-2020 01:32:40 Europe/Berlin] PHP Notice:  Undefined index: id_recibido in C:\xampp\htdocs\inventario\app\views\partials\ficha\list.php on line 260
[15-Apr-2020 01:32:40 Europe/Berlin] PHP Notice:  Undefined index: id_bodega in C:\xampp\htdocs\inventario\app\views\partials\ficha\list.php on line 275
[15-Apr-2020 01:32:58 Europe/Berlin] PHP Notice:  Undefined variable: user_name in C:\xampp\htdocs\inventario\system\BaseController.php on line 536
[15-Apr-2020 01:33:59 Europe/Berlin] PHP Notice:  Undefined variable: user_name in C:\xampp\htdocs\inventario\system\BaseController.php on line 536
[15-Apr-2020 01:36:26 Europe/Berlin] PHP Notice:  Undefined variable: user_name in C:\xampp\htdocs\inventario\system\BaseController.php on line 536
[15-Apr-2020 01:36:28 Europe/Berlin] PHP Notice:  Undefined index: id_producto in C:\xampp\htdocs\inventario\app\views\partials\ficha\list.php on line 179
[15-Apr-2020 01:36:28 Europe/Berlin] PHP Notice:  Undefined index: id_detalle_registro in C:\xampp\htdocs\inventario\app\views\partials\ficha\list.php on line 196
[15-Apr-2020 01:36:28 Europe/Berlin] PHP Notice:  Undefined index: id_producto in C:\xampp\htdocs\inventario\app\views\partials\ficha\list.php on line 213
[15-Apr-2020 01:36:28 Europe/Berlin] PHP Notice:  Undefined index: id_enviado in C:\xampp\htdocs\inventario\app\views\partials\ficha\list.php on line 230
[15-Apr-2020 01:36:28 Europe/Berlin] PHP Notice:  Undefined index: id_bodega in C:\xampp\htdocs\inventario\app\views\partials\ficha\list.php on line 245
[15-Apr-2020 01:36:28 Europe/Berlin] PHP Notice:  Undefined index: id_recibido in C:\xampp\htdocs\inventario\app\views\partials\ficha\list.php on line 263
[15-Apr-2020 01:36:28 Europe/Berlin] PHP Notice:  Undefined index: id_bodega in C:\xampp\htdocs\inventario\app\views\partials\ficha\list.php on line 278
[15-Apr-2020 01:36:59 Europe/Berlin] PHP Notice:  Undefined variable: user_name in C:\xampp\htdocs\inventario\system\BaseController.php on line 536
[15-Apr-2020 01:45:59 Europe/Berlin] PHP Notice:  Undefined variable: user_name in C:\xampp\htdocs\inventario\system\BaseController.php on line 536
[15-Apr-2020 01:46:24 Europe/Berlin] PHP Notice:  Undefined index: id_producto in C:\xampp\htdocs\inventario\app\views\partials\ficha\list.php on line 179
[15-Apr-2020 01:46:24 Europe/Berlin] PHP Notice:  Undefined index: id_detalle_registro in C:\xampp\htdocs\inventario\app\views\partials\ficha\list.php on line 196
[15-Apr-2020 01:46:24 Europe/Berlin] PHP Notice:  Undefined index: id_producto in C:\xampp\htdocs\inventario\app\views\partials\ficha\list.php on line 213
[15-Apr-2020 01:46:24 Europe/Berlin] PHP Notice:  Undefined index: id_enviado in C:\xampp\htdocs\inventario\app\views\partials\ficha\list.php on line 230
[15-Apr-2020 01:46:24 Europe/Berlin] PHP Notice:  Undefined index: id_bodega in C:\xampp\htdocs\inventario\app\views\partials\ficha\list.php on line 245
[15-Apr-2020 01:46:24 Europe/Berlin] PHP Notice:  Undefined index: id_recibido in C:\xampp\htdocs\inventario\app\views\partials\ficha\list.php on line 263
[15-Apr-2020 01:46:24 Europe/Berlin] PHP Notice:  Undefined index: id_bodega in C:\xampp\htdocs\inventario\app\views\partials\ficha\list.php on line 278
[15-Apr-2020 01:46:25 Europe/Berlin] PHP Notice:  Undefined variable: user_name in C:\xampp\htdocs\inventario\system\BaseController.php on line 536
[15-Apr-2020 01:49:11 Europe/Berlin] PHP Notice:  Undefined variable: user_name in C:\xampp\htdocs\inventario\system\BaseController.php on line 536
[15-Apr-2020 01:49:16 Europe/Berlin] PHP Notice:  Undefined variable: user_name in C:\xampp\htdocs\inventario\system\BaseController.php on line 536
[15-Apr-2020 01:49:44 Europe/Berlin] PHP Notice:  Undefined variable: user_name in C:\xampp\htdocs\inventario\system\BaseController.php on line 536
[15-Apr-2020 01:52:36 Europe/Berlin] PHP Notice:  Undefined variable: page_id in C:\xampp\htdocs\inventario\app\views\partials\ficha\list.php on line 512
[15-Apr-2020 01:52:36 Europe/Berlin] PHP Notice:  Undefined variable: user_name in C:\xampp\htdocs\inventario\system\BaseController.php on line 536
[15-Apr-2020 01:55:38 Europe/Berlin] PHP Notice:  Undefined variable: page_id in C:\xampp\htdocs\inventario\app\views\partials\ficha\list.php on line 512
[15-Apr-2020 01:55:39 Europe/Berlin] PHP Notice:  Undefined variable: user_name in C:\xampp\htdocs\inventario\system\BaseController.php on line 536
[15-Apr-2020 01:55:41 Europe/Berlin] PHP Notice:  Undefined variable: user_name in C:\xampp\htdocs\inventario\system\BaseController.php on line 536
[15-Apr-2020 01:55:51 Europe/Berlin] PHP Notice:  Undefined variable: page_id in C:\xampp\htdocs\inventario\app\views\partials\ficha\list.php on line 512
[15-Apr-2020 01:55:51 Europe/Berlin] PHP Notice:  Undefined variable: user_name in C:\xampp\htdocs\inventario\system\BaseController.php on line 536
[15-Apr-2020 01:55:54 Europe/Berlin] PHP Notice:  Undefined variable: user_name in C:\xampp\htdocs\inventario\system\BaseController.php on line 536
[15-Apr-2020 01:56:02 Europe/Berlin] PHP Notice:  Undefined variable: user_name in C:\xampp\htdocs\inventario\system\BaseController.php on line 536
[15-Apr-2020 01:56:23 Europe/Berlin] PHP Notice:  Undefined variable: user_name in C:\xampp\htdocs\inventario\system\BaseController.php on line 536
[15-Apr-2020 01:58:01 Europe/Berlin] PHP Notice:  Undefined variable: user_name in C:\xampp\htdocs\inventario\system\BaseController.php on line 536
[15-Apr-2020 02:12:40 Europe/Berlin] PHP Notice:  Undefined variable: user_name in C:\xampp\htdocs\inventario\system\BaseController.php on line 536
[15-Apr-2020 02:22:12 Europe/Berlin] PHP Notice:  Undefined variable: user_name in C:\xampp\htdocs\inventario\system\BaseController.php on line 536
[15-Apr-2020 02:31:18 Europe/Berlin] PHP Notice:  Undefined variable: user_name in C:\xampp\htdocs\inventario\system\BaseController.php on line 536
[15-Apr-2020 02:32:26 Europe/Berlin] PHP Notice:  Undefined index: id_producto in C:\xampp\htdocs\inventario\app\views\partials\ficha\list.php on line 204
[15-Apr-2020 02:32:26 Europe/Berlin] PHP Notice:  Undefined index: id_detalle_registro in C:\xampp\htdocs\inventario\app\views\partials\ficha\list.php on line 221
[15-Apr-2020 02:32:26 Europe/Berlin] PHP Notice:  Undefined index: id_producto in C:\xampp\htdocs\inventario\app\views\partials\ficha\list.php on line 238
[15-Apr-2020 02:32:26 Europe/Berlin] PHP Notice:  Undefined index: id_enviado in C:\xampp\htdocs\inventario\app\views\partials\ficha\list.php on line 255
[15-Apr-2020 02:32:26 Europe/Berlin] PHP Notice:  Undefined index: id_bodega in C:\xampp\htdocs\inventario\app\views\partials\ficha\list.php on line 270
[15-Apr-2020 02:32:26 Europe/Berlin] PHP Notice:  Undefined index: id_recibido in C:\xampp\htdocs\inventario\app\views\partials\ficha\list.php on line 288
[15-Apr-2020 02:32:26 Europe/Berlin] PHP Notice:  Undefined index: id_bodega in C:\xampp\htdocs\inventario\app\views\partials\ficha\list.php on line 303
